<?xml version="1.0" encoding="UTF-8"?>
<Site BuildName="(empty)"
	BuildStamp="20260309-0620-Experimental"
	Name="kobayashilab"
	Generator="ctest-3.16.3"
	CompilerName="/usr/bin/c++"
	CompilerVersion="9.4.0"
	OSName="Linux"
	Hostname="kobayashilab"
	OSRelease="5.15.0-139-generic"
	OSVersion="#149~20.04.1-Ubuntu SMP Wed Apr 16 08:29:56 UTC 2025"
	OSPlatform="x86_64"
	Is64Bits="1"
	VendorString="GenuineIntel"
	VendorID="Intel Corporation"
	FamilyID="6"
	ModelID="142"
	ProcessorCacheSize="6144"
	NumberOfLogicalCPU="8"
	NumberOfPhysicalCPU="4"
	TotalVirtualMemory="2047"
	TotalPhysicalMemory="7752"
	LogicalProcessorsPerPhysical="2"
	ProcessorClockFrequency="1179.42"
	>
	<Testing>
		<StartDateTime>Mar 09 15:20 JST</StartDateTime>
		<StartTestTime>1773037204</StartTestTime>
		<TestList/>
		<EndDateTime>Mar 09 15:20 JST</EndDateTime>
		<EndTestTime>1773037204</EndTestTime>
		<ElapsedMinutes>0</ElapsedMinutes>
	</Testing>
</Site>
