<?xml version="1.0" encoding="UTF-8"?>
<Site BuildName="(empty)"
	BuildStamp="20260210-0031-Experimental"
	Name="kobayashilab"
	Generator="ctest-3.16.3"
	CompilerName="/usr/bin/c++"
	CompilerVersion="9.4.0"
	OSName="Linux"
	Hostname="kobayashilab"
	OSRelease="5.15.0-139-generic"
	OSVersion="#149~20.04.1-Ubuntu SMP Wed Apr 16 08:29:56 UTC 2025"
	OSPlatform="x86_64"
	Is64Bits="1"
	VendorString="GenuineIntel"
	VendorID="Intel Corporation"
	FamilyID="6"
	ModelID="142"
	ProcessorCacheSize="6144"
	NumberOfLogicalCPU="8"
	NumberOfPhysicalCPU="4"
	TotalVirtualMemory="2047"
	TotalPhysicalMemory="7752"
	LogicalProcessorsPerPhysical="2"
	ProcessorClockFrequency="1033.68"
	>
	<Testing>
		<StartDateTime>Feb 10 09:31 JST</StartDateTime>
		<StartTestTime>1770683514</StartTestTime>
		<TestList/>
		<EndDateTime>Feb 10 09:31 JST</EndDateTime>
		<EndTestTime>1770683514</EndTestTime>
		<ElapsedMinutes>0</ElapsedMinutes>
	</Testing>
</Site>
